============================= test session starts =============================
platform win32 -- Python 3.10.17, pytest-9.0.2, pluggy-1.6.0 -- C:\Users\saiha\My_Service\programing\Trancform_MovieToText\.venv\Scripts\python.exe
cachedir: .pytest_cache
rootdir: C:\Users\saiha\My_Service\programing\Trancform_MovieToText
configfile: pyproject.toml
plugins: anyio-4.12.1, langsmith-0.7.22, cov-7.1.0, mock-3.15.1
collecting ... collected 6 items / 1 error

=================================== ERRORS ====================================
___________ ERROR collecting tests/integration/test_config_sync.py ____________
ImportError while importing test module 'C:\Users\saiha\My_Service\programing\Trancform_MovieToText\tests\integration\test_config_sync.py'.
Hint: make sure your test modules/packages have valid Python names.
Traceback:
..\..\..\AppData\Roaming\uv\python\cpython-3.10.17-windows-x86_64-none\lib\importlib\__init__.py:126: in import_module
    return _bootstrap._gcd_import(name[level:], package, level)
tests\integration\test_config_sync.py:4: in <module>
    from src.core.config_manager import ConfigManager
src\core\config_manager.py:7: in <module>
    from .core.constants import DEFAULT_ACTIVE_PROVIDER, DEFAULT_CONFIG_PATH, DEFAULT_WHISPER_MODEL
E   ModuleNotFoundError: No module named 'src.core.core'
=========================== short test summary info ===========================
ERROR tests/integration/test_config_sync.py
!!!!!!!!!!!!!!!!!!! Interrupted: 1 error during collection !!!!!!!!!!!!!!!!!!!!
============================== 1 error in 6.93s ===============================
